2024-10-27 19:11:20,234 p=117732 u=tunde n=ansible | Starting galaxy role install process
2024-10-27 19:11:21,630 p=117732 u=tunde n=ansible | - extracting ansible-java-role to /home/tunde/devops-project/ansible-sonarqube-playbook/ansible-sonarqube-role/ansible-java-role
2024-10-27 19:11:21,642 p=117732 u=tunde n=ansible | - ansible-java-role (main) was installed successfully
2024-10-27 19:11:23,144 p=117732 u=tunde n=ansible | - extracting ansible-sonarqube-role to /home/tunde/devops-project/ansible-sonarqube-playbook/ansible-sonarqube-role/ansible-sonarqube-role
2024-10-27 19:11:23,183 p=117732 u=tunde n=ansible | - ansible-sonarqube-role (main) was installed successfully
2024-10-27 19:12:01,473 p=118172 u=tunde n=botocore.credentials | Found credentials in shared credentials file: ~/.aws/credentials
2024-10-27 19:12:02,414 p=118172 u=tunde n=ansible | [WARNING]: provided hosts list is empty, only localhost is available. Note that the implicit localhost does not match 'all'

2024-10-27 19:12:03,051 p=118172 u=tunde n=ansible | ERROR! the role 'ansible-role-sonarqube' was not found in /home/tunde/devops-project/ansible-sonarqube-playbook/roles:/home/tunde/.ansible/roles:/usr/share/ansible/roles:/etc/ansible/roles:/home/tunde/devops-project/ansible-sonarqube-playbook

The error appears to be in '/home/tunde/devops-project/ansible-sonarqube-playbook/site.yml': line 9, column 7, but may
be elsewhere in the file depending on the exact syntax problem.

The offending line appears to be:

    - ansible-role-java
    - ansible-role-sonarqube
      ^ here

2024-10-27 19:13:47,084 p=118992 u=tunde n=botocore.credentials | Found credentials in shared credentials file: ~/.aws/credentials
2024-10-27 19:13:47,535 p=118992 u=tunde n=ansible | [WARNING]: provided hosts list is empty, only localhost is available. Note that the implicit localhost does not match 'all'

2024-10-27 19:13:47,865 p=118992 u=tunde n=ansible | ERROR! the role 'ansible-java-role' was not found in /home/tunde/devops-project/ansible-sonarqube-playbook/roles:/home/tunde/.ansible/roles:/usr/share/ansible/roles:/etc/ansible/roles:/home/tunde/devops-project/ansible-sonarqube-playbook

The error appears to be in '/home/tunde/devops-project/ansible-sonarqube-playbook/site.yml': line 8, column 7, but may
be elsewhere in the file depending on the exact syntax problem.

The offending line appears to be:

  roles:
    - ansible-java-role
      ^ here

2024-10-27 19:14:14,051 p=119261 u=tunde n=ansible | Starting galaxy role install process
2024-10-27 19:14:15,323 p=119261 u=tunde n=ansible | - extracting ansible-java-role to /home/tunde/devops-project/ansible-sonarqube-playbook/ansible-java-role/ansible-java-role
2024-10-27 19:14:15,325 p=119261 u=tunde n=ansible | - ansible-java-role (main) was installed successfully
2024-10-27 19:14:16,601 p=119261 u=tunde n=ansible | - extracting ansible-sonarqube-role to /home/tunde/devops-project/ansible-sonarqube-playbook/ansible-java-role/ansible-sonarqube-role
2024-10-27 19:14:16,612 p=119261 u=tunde n=ansible | - ansible-sonarqube-role (main) was installed successfully
2024-10-27 19:14:22,720 p=119372 u=tunde n=botocore.credentials | Found credentials in shared credentials file: ~/.aws/credentials
2024-10-27 19:14:23,981 p=119372 u=tunde n=ansible | [WARNING]: provided hosts list is empty, only localhost is available. Note that the implicit localhost does not match 'all'

2024-10-27 19:14:24,174 p=119372 u=tunde n=ansible | [WARNING]: Could not match supplied host pattern, ignoring: webserver

2024-10-27 19:14:24,174 p=119372 u=tunde n=ansible | PLAY [webserver] *************************************************************************************************************************************************************
2024-10-27 19:14:24,175 p=119372 u=tunde n=ansible | skipping: no hosts matched
2024-10-27 19:14:24,175 p=119372 u=tunde n=ansible | PLAY RECAP *******************************************************************************************************************************************************************
2024-10-27 19:22:05,169 p=123581 u=tunde n=botocore.credentials | Found credentials in shared credentials file: ~/.aws/credentials
2024-10-27 19:22:06,347 p=123581 u=tunde n=ansible | [WARNING]: Could not match supplied host pattern, ignoring: webserver

2024-10-27 19:22:06,349 p=123581 u=tunde n=ansible | PLAY [webserver] *************************************************************************************************************************************************************
2024-10-27 19:22:06,350 p=123581 u=tunde n=ansible | skipping: no hosts matched
2024-10-27 19:22:06,350 p=123581 u=tunde n=ansible | PLAY RECAP *******************************************************************************************************************************************************************
2024-10-27 19:23:35,499 p=124284 u=tunde n=botocore.credentials | Found credentials in shared credentials file: ~/.aws/credentials
2024-10-27 19:23:36,152 p=124284 u=tunde n=ansible | [WARNING]: Could not match supplied host pattern, ignoring: cms-app-dev

2024-10-27 19:23:36,154 p=124284 u=tunde n=ansible | PLAY [cms-app-dev] ***********************************************************************************************************************************************************
2024-10-27 19:23:36,154 p=124284 u=tunde n=ansible | skipping: no hosts matched
2024-10-27 19:23:36,154 p=124284 u=tunde n=ansible | PLAY RECAP *******************************************************************************************************************************************************************
2024-10-27 19:36:52,891 p=131554 u=tunde n=botocore.credentials | Found credentials in shared credentials file: ~/.aws/credentials
2024-10-27 19:36:54,153 p=131554 u=tunde n=ansible | PLAY [webserver] *************************************************************************************************************************************************************
2024-10-27 19:36:54,298 p=131554 u=tunde n=ansible | TASK [Gathering Facts] *******************************************************************************************************************************************************
2024-10-27 19:36:59,019 p=131554 u=tunde n=ansible | [WARNING]: Platform linux on host ec2-18-135-16-19.eu-west-2.compute.amazonaws.com is using the discovered Python interpreter at /usr/bin/python3.9, but future installation
of another Python interpreter could change the meaning of that path. See https://docs.ansible.com/ansible-core/2.16/reference_appendices/interpreter_discovery.html for more
information.

2024-10-27 19:36:59,021 p=131554 u=tunde n=ansible | ok: [ec2-18-135-16-19.eu-west-2.compute.amazonaws.com]
2024-10-27 19:36:59,085 p=131554 u=tunde n=ansible | PLAY RECAP *******************************************************************************************************************************************************************
2024-10-27 19:36:59,086 p=131554 u=tunde n=ansible | ec2-18-135-16-19.eu-west-2.compute.amazonaws.com : ok=1    changed=0    unreachable=0    failed=0    skipped=0    rescued=0    ignored=0   
